/home/pi/Desktop/testSquare6.py
/home/pi/globaltest.py
/home/pi/controlcascade/gameloop.py
/home/pi/Desktop/testSquare5.py
/home/pi/Desktop/testLED2.py
/home/pi/Desktop/SerialUART.py
/home/pi/PICtest4.py
/home/pi/testLED2.py
/home/pi/SerialUART.py
/home/pi/GPIO_LEDtest.py
/home/pi/traffic-lights.py
/home/pi/RamPyge/ControlBoard.py
/home/pi/RamPyge/testProgram.py
/home/pi/SerialUART.txt
/home/pi/test-add.py
/home/pi/RamPyge/Chariot.py
/home/pi/RamPyge/Main.py
/home/pi/RamPyge/docg.py
/home/pi/PICtest1.py
/home/pi/PICtest3.py
/home/pi/PICtest2.py
